<?xml version="1.0" encoding="UTF-8"?>
<testsuite name="controllers.BoxerAPITest$CountingMethods" tests="4" skipped="0" failures="0" errors="0" timestamp="2022-04-29T14:11:14" hostname="LAPTOP-M11PNU4P" time="0.014">
  <properties/>
  <testcase name="numberOfActiveBoxersCalculatedCorrectly()" classname="controllers.BoxerAPITest$CountingMethods" time="0.002"/>
  <testcase name="numberOfArchivedBoxersCalculatedCorrectly()" classname="controllers.BoxerAPITest$CountingMethods" time="0.003"/>
  <testcase name="numberOfNotesByPriorityCalculatedCorrectly()" classname="controllers.BoxerAPITest$CountingMethods" time="0.002"/>
  <testcase name="numberOfBoxersCalculatedCorrectly()" classname="controllers.BoxerAPITest$CountingMethods" time="0.001"/>
  <system-out><![CDATA[]]></system-out>
  <system-err><![CDATA[]]></system-err>
</testsuite>
