<?xml version="1.0" encoding="UTF-8"?>
<testsuite name="utils.UtilitiesTest$validRange" tests="2" skipped="0" failures="0" errors="0" timestamp="2022-04-29T14:11:14" hostname="LAPTOP-M11PNU4P" time="0.016">
  <properties/>
  <testcase name="validRangeWorksWithNegativeTestNumbers()" classname="utils.UtilitiesTest$validRange" time="0.004"/>
  <testcase name="validRangeWorksWithPositiveTestNumbers()" classname="utils.UtilitiesTest$validRange" time="0.009"/>
  <system-out><![CDATA[]]></system-out>
  <system-err><![CDATA[]]></system-err>
</testsuite>
