<?xml version="1.0" encoding="UTF-8"?>
<testsuite name="controllers.BoxerAPITest$SearchMethods" tests="2" skipped="0" failures="0" errors="0" timestamp="2022-04-29T14:11:14" hostname="LAPTOP-M11PNU4P" time="0.008">
  <properties/>
  <testcase name="search boxers by name return boxer when boxer with name exist()" classname="controllers.BoxerAPITest$SearchMethods" time="0.002"/>
  <testcase name="search boxers by name returns no boxers when no boxers with a name exist()" classname="controllers.BoxerAPITest$SearchMethods" time="0.004"/>
  <system-out><![CDATA[]]></system-out>
  <system-err><![CDATA[]]></system-err>
</testsuite>
