<?xml version="1.0" encoding="UTF-8"?>
<testsuite name="controllers.BoxerAPITest$AddBoxers" tests="2" skipped="0" failures="0" errors="0" timestamp="2022-04-29T14:11:12" hostname="LAPTOP-M11PNU4P" time="0.212">
  <properties/>
  <testcase name="adding a Boxer to an empty list adds to ArrayList()" classname="controllers.BoxerAPITest$AddBoxers" time="0.208"/>
  <testcase name="adding a Boxer to a populated list adds to ArrayList()" classname="controllers.BoxerAPITest$AddBoxers" time="0.002"/>
  <system-out><![CDATA[]]></system-out>
  <system-err><![CDATA[]]></system-err>
</testsuite>
