<?xml version="1.0" encoding="UTF-8"?>
<testsuite name="controllers.BoxerAPITest$DeleteBoxers" tests="2" skipped="0" failures="0" errors="0" timestamp="2022-04-29T14:11:13" hostname="LAPTOP-M11PNU4P" time="0.01">
  <properties/>
  <testcase name="deleting a Boxer that does not exist, returns null()" classname="controllers.BoxerAPITest$DeleteBoxers" time="0.006"/>
  <testcase name="deleting a Boxer that exists delete and returns deleted object()" classname="controllers.BoxerAPITest$DeleteBoxers" time="0.002"/>
  <system-out><![CDATA[]]></system-out>
  <system-err><![CDATA[]]></system-err>
</testsuite>
