<?xml version="1.0" encoding="UTF-8"?>
<testsuite name="controllers.BoxerAPITest$UpdateBoxers" tests="2" skipped="0" failures="0" errors="0" timestamp="2022-04-29T14:11:13" hostname="LAPTOP-M11PNU4P" time="0.014">
  <properties/>
  <testcase name="updating a Boxer that does not exist returns false()" classname="controllers.BoxerAPITest$UpdateBoxers" time="0.01"/>
  <testcase name="updating a Boxer that exists returns true and updates()" classname="controllers.BoxerAPITest$UpdateBoxers" time="0.002"/>
  <system-out><![CDATA[]]></system-out>
  <system-err><![CDATA[]]></system-err>
</testsuite>
