<?xml version="1.0" encoding="UTF-8"?>
<testsuite name="controllers.BoxerAPITest$PersistenceTests" tests="4" skipped="0" failures="0" errors="0" timestamp="2022-04-29T14:11:13" hostname="LAPTOP-M11PNU4P" time="1.019">
  <properties/>
  <testcase name="saving and loading an empty collection in XML doesn't crash app()" classname="controllers.BoxerAPITest$PersistenceTests" time="0.843"/>
  <testcase name="saving and loading an loaded collection in JSON doesn't loose data()" classname="controllers.BoxerAPITest$PersistenceTests" time="0.115"/>
  <testcase name="saving and loading an loaded collection in XML doesn't loose data()" classname="controllers.BoxerAPITest$PersistenceTests" time="0.03"/>
  <testcase name="saving and loading an empty collection in JSON doesn't crash app()" classname="controllers.BoxerAPITest$PersistenceTests" time="0.025"/>
  <system-out><![CDATA[]]></system-out>
  <system-err><![CDATA[]]></system-err>
</testsuite>
